<?xml version="1.0" encoding="UTF-8"?>
<testng-results ignored="0" total="1" passed="1" failed="0" skipped="0">
  <reporter-output>
  </reporter-output>
  <suite started-at="2024-02-03T20:30:27 IST" name="Default suite" finished-at="2024-02-03T20:30:33 IST" duration-ms="6101">
    <groups>
    </groups>
    <test started-at="2024-02-03T20:30:27 IST" name="Default test" finished-at="2024-02-03T20:30:33 IST" duration-ms="6101">
      <class name="URL_launch">
        <test-method signature="urlLaunch()[pri:0, instance:URL_launch@101952da]" started-at="2024-02-03T20:30:27 IST" name="urlLaunch" finished-at="2024-02-03T20:30:33 IST" duration-ms="6078" status="PASS">
          <reporter-output>
          </reporter-output>
        </test-method> <!-- urlLaunch -->
      </class> <!-- URL_launch -->
    </test> <!-- Default test -->
  </suite> <!-- Default suite -->
</testng-results>
